Sat Apr 22 13:29:31 IST 2017  [debug] AvalonLogSystem initialized using logfile 'velocity.log'
Sat Apr 22 13:29:31 IST 2017   [info] ************************************************************** 
Sat Apr 22 13:29:31 IST 2017   [info] Starting Jakarta Velocity v1.4
Sat Apr 22 13:29:31 IST 2017   [info] RuntimeInstance initializing.
Sat Apr 22 13:29:31 IST 2017   [info] Default Properties File: org\apache\velocity\runtime\defaults\velocity.properties
Sat Apr 22 13:29:31 IST 2017   [info] Trying to use logger class org.apache.velocity.runtime.log.AvalonLogSystem
Sat Apr 22 13:29:31 IST 2017   [info] Using logger class org.apache.velocity.runtime.log.AvalonLogSystem
Sat Apr 22 13:29:31 IST 2017   [info] Default ResourceManager initializing. (class org.apache.velocity.runtime.resource.ResourceManagerImpl)
Sat Apr 22 13:29:31 IST 2017   [info] Resource Loader Instantiated: org.apache.velocity.runtime.resource.loader.ClasspathResourceLoader
Sat Apr 22 13:29:31 IST 2017   [info] ClasspathResourceLoader : initialization starting.
Sat Apr 22 13:29:31 IST 2017   [info] ClasspathResourceLoader : initialization complete.
Sat Apr 22 13:29:31 IST 2017   [info] ResourceCache : initialized. (class org.apache.velocity.runtime.resource.ResourceCacheImpl)
Sat Apr 22 13:29:31 IST 2017   [info] Default ResourceManager initialization complete.
Sat Apr 22 13:29:31 IST 2017   [info] Loaded System Directive: org.apache.velocity.runtime.directive.Literal
Sat Apr 22 13:29:31 IST 2017   [info] Loaded System Directive: org.apache.velocity.runtime.directive.Macro
Sat Apr 22 13:29:31 IST 2017   [info] Loaded System Directive: org.apache.velocity.runtime.directive.Parse
Sat Apr 22 13:29:31 IST 2017   [info] Loaded System Directive: org.apache.velocity.runtime.directive.Include
Sat Apr 22 13:29:31 IST 2017   [info] Loaded System Directive: org.apache.velocity.runtime.directive.Foreach
Sat Apr 22 13:29:31 IST 2017   [info] Created: 20 parsers.
Sat Apr 22 13:29:31 IST 2017   [info] Velocimacro : initialization starting.
Sat Apr 22 13:29:31 IST 2017   [info] Velocimacro : adding VMs from VM library template : VM_global_library.vm
Sat Apr 22 13:29:31 IST 2017  [error] ResourceManager : unable to find resource 'VM_global_library.vm' in any resource loader.
Sat Apr 22 13:29:31 IST 2017   [info] Velocimacro : error using  VM library template VM_global_library.vm : org.apache.velocity.exception.ResourceNotFoundException: Unable to find resource 'VM_global_library.vm'
Sat Apr 22 13:29:31 IST 2017   [info] Velocimacro :  VM library template macro registration complete.
Sat Apr 22 13:29:31 IST 2017   [info] Velocimacro : allowInline = true : VMs can be defined inline in templates
Sat Apr 22 13:29:31 IST 2017   [info] Velocimacro : allowInlineToOverride = false : VMs defined inline may NOT replace previous VM definitions
Sat Apr 22 13:29:31 IST 2017   [info] Velocimacro : allowInlineLocal = false : VMs defined inline will be  global in scope if allowed.
Sat Apr 22 13:29:31 IST 2017   [info] Velocimacro : messages on  : VM system will output logging messages
Sat Apr 22 13:29:31 IST 2017   [info] Velocimacro : autoload off  : VM system will not automatically reload global library macros
Sat Apr 22 13:29:31 IST 2017   [info] Velocimacro : initialization complete.
Sat Apr 22 13:29:31 IST 2017   [info] Velocity successfully started.
Sat Apr 22 13:30:51 IST 2017   [info] ResourceManager : found org/uncommons/reportng/templates/html/index.html.vm with loader org.apache.velocity.runtime.resource.loader.ClasspathResourceLoader
Sat Apr 22 13:30:51 IST 2017   [info] ResourceManager : found org/uncommons/reportng/templates/html/overview.html.vm with loader org.apache.velocity.runtime.resource.loader.ClasspathResourceLoader
Sat Apr 22 13:30:51 IST 2017   [info] ResourceManager : found org/uncommons/reportng/templates/html/suites.html.vm with loader org.apache.velocity.runtime.resource.loader.ClasspathResourceLoader
Sat Apr 22 13:30:51 IST 2017   [info] ResourceManager : found org/uncommons/reportng/templates/html/groups.html.vm with loader org.apache.velocity.runtime.resource.loader.ClasspathResourceLoader
Sat Apr 22 13:30:51 IST 2017   [info] ResourceManager : found org/uncommons/reportng/templates/html/results.html.vm with loader org.apache.velocity.runtime.resource.loader.ClasspathResourceLoader
Sat Apr 22 13:30:51 IST 2017   [info] ResourceManager : found org/uncommons/reportng/templates/html/class-results.html.vm with loader org.apache.velocity.runtime.resource.loader.ClasspathResourceLoader
Sat Apr 22 13:30:51 IST 2017   [info] ResourceManager : found org/uncommons/reportng/templates/html/class-results.html.vm with loader org.apache.velocity.runtime.resource.loader.ClasspathResourceLoader
Sat Apr 22 13:30:51 IST 2017   [info] ResourceManager : found org/uncommons/reportng/templates/xml/results.xml.vm with loader org.apache.velocity.runtime.resource.loader.ClasspathResourceLoader
Sat Apr 22 13:30:51 IST 2017   [info] ResourceManager : found org/uncommons/reportng/templates/xml/results.xml.vm with loader org.apache.velocity.runtime.resource.loader.ClasspathResourceLoader
